SF:lib/datastore.dart
DA:18,3
DA:19,12
DA:20,6
DA:21,9
DA:22,3
DA:23,3
DA:24,3
DA:27,1
DA:28,4
DA:29,2
DA:30,1
DA:31,3
DA:32,2
DA:33,1
DA:34,1
DA:37,1
DA:38,3
DA:39,2
DA:40,2
DA:41,1
DA:42,3
DA:43,2
DA:44,1
DA:45,1
DA:48,1
DA:49,3
DA:50,2
DA:51,1
DA:52,4
DA:53,2
DA:54,1
DA:55,1
DA:58,1
DA:59,3
DA:60,2
DA:61,1
DA:62,2
DA:63,1
DA:64,1
DA:67,1
DA:68,2
DA:69,2
DA:70,1
DA:72,2
DA:73,1
DA:74,1
DA:75,1
DA:78,3
DA:79,6
DA:82,3
DA:83,6
DA:85,9
DA:86,3
DA:87,6
DA:88,6
DA:92,5
DA:93,5
DA:96,3
DA:97,3
DA:100,5
DA:101,5
DA:104,3
DA:105,3
DA:108,3
DA:110,3
DA:111,3
DA:112,3
DA:114,6
DA:116,6
DA:118,6
DA:120,6
DA:121,3
DA:122,3
DA:124,2
DA:125,1
DA:129,3
DA:130,3
LF:77
LH:77
end_of_record
SF:lib/model/performer/performer.dart
DA:7,4
DA:22,2
DA:23,2
DA:24,2
DA:26,2
DA:29,4
DA:30,4
DA:33,2
DA:34,2
DA:37,4
DA:38,4
DA:41,2
DA:42,2
DA:45,2
DA:46,4
DA:47,1
DA:49,2
DA:52,2
DA:53,4
DA:54,2
DA:56,2
DA:57,4
DA:58,4
DA:61,2
DA:63,2
DA:64,6
DA:65,6
DA:68,0
DA:69,0
DA:71,0
DA:73,0
DA:76,2
DA:79,6
DA:80,2
DA:81,6
LF:35
LH:31
end_of_record
SF:lib/bandmanager/recommendedperformerswidget.dart
DA:10,11
DA:12,4
DA:14,4
DA:21,4
DA:23,4
DA:24,4
DA:25,4
DA:26,4
DA:28,4
DA:33,4
DA:35,0
DA:36,0
DA:37,0
DA:38,0
DA:39,0
DA:45,4
DA:46,4
DA:50,4
DA:54,4
DA:67,4
DA:71,4
DA:72,4
DA:74,0
DA:76,0
DA:77,0
DA:78,0
DA:81,0
DA:83,0
DA:86,4
DA:87,4
DA:90,8
DA:92,4
DA:93,0
DA:94,0
DA:95,0
DA:97,0
DA:98,0
DA:100,0
LF:38
LH:21
end_of_record
SF:lib/homepage/homepage.dart
DA:4,10
DA:6,2
DA:7,2
DA:11,2
DA:13,2
DA:14,2
DA:15,6
DA:18,2
DA:19,2
DA:20,2
DA:21,2
DA:23,2
DA:24,1
DA:25,1
DA:30,2
DA:32,2
DA:33,1
DA:34,1
LF:18
LH:18
end_of_record
SF:lib/performermanager/performersdatasource.dart
DA:8,4
DA:12,4
DA:13,8
DA:15,1
DA:17,1
DA:18,3
DA:19,1
DA:22,3
DA:24,1
DA:27,4
DA:28,4
DA:30,4
DA:32,6
DA:33,6
DA:34,4
DA:35,2
DA:37,6
DA:38,2
DA:40,6
LF:19
LH:19
end_of_record
SF:lib/bandmanager/bandmanager.dart
DA:7,10
DA:9,2
DA:10,2
DA:14,2
DA:16,2
DA:17,2
DA:18,6
DA:21,2
DA:22,2
LF:9
LH:9
end_of_record
SF:lib/bandmanager/selectedperformerswidget.dart
DA:9,9
DA:11,2
DA:13,2
DA:17,2
DA:19,2
DA:20,2
DA:21,2
DA:22,2
DA:24,2
DA:29,2
DA:31,0
DA:32,0
DA:33,0
DA:34,0
DA:35,0
DA:41,2
DA:42,2
DA:46,2
DA:50,2
DA:56,2
DA:57,0
DA:67,2
DA:71,2
DA:72,4
DA:74,0
DA:76,0
DA:77,0
DA:78,0
DA:81,0
DA:83,0
DA:86,2
DA:87,2
DA:89,2
DA:91,2
DA:92,0
DA:93,0
DA:94,0
DA:96,0
DA:97,0
DA:99,0
LF:40
LH:22
end_of_record
SF:lib/jamnight.dart
DA:9,1
DA:13,1
DA:14,1
DA:20,1
DA:22,1
DA:23,2
DA:24,1
DA:25,1
DA:29,1
DA:30,1
DA:31,1
DA:32,1
LF:12
LH:12
end_of_record
SF:lib/performermanager/performermanager.dart
DA:15,10
DA:17,2
DA:18,2
DA:27,1
DA:28,2
DA:29,1
DA:33,1
DA:34,2
DA:35,1
DA:39,1
DA:40,1
DA:41,2
DA:42,1
DA:43,1
DA:44,1
DA:46,1
DA:49,2
DA:51,2
DA:52,2
DA:53,2
DA:54,6
DA:57,2
DA:58,2
DA:59,4
DA:60,4
DA:61,2
DA:62,2
DA:63,2
DA:64,2
LF:29
LH:29
end_of_record
SF:lib/performermanager/addperformerbutton.dart
DA:4,3
DA:11,3
DA:13,3
DA:15,3
DA:16,3
LF:5
LH:5
end_of_record
SF:lib/performermanager/enternamebox.dart
DA:4,3
DA:11,3
DA:13,3
DA:15,3
DA:16,3
LF:5
LH:5
end_of_record
SF:lib/performermanager/experienceleveldropdown.dart
DA:6,3
DA:11,3
DA:13,3
DA:19,3
DA:21,3
DA:23,3
DA:24,1
DA:25,2
DA:26,1
DA:27,3
DA:30,6
DA:31,3
DA:33,9
DA:35,3
LF:14
LH:14
end_of_record
SF:lib/performermanager/instrumentdropdown.dart
DA:6,3
DA:10,3
DA:11,3
DA:17,3
DA:19,3
DA:21,3
DA:22,1
DA:23,2
DA:24,1
DA:25,3
DA:28,6
DA:29,3
DA:31,9
DA:33,3
LF:14
LH:14
end_of_record
SF:lib/performermanager/performerlist.dart
DA:9,10
DA:11,3
DA:12,3
DA:16,3
DA:18,3
DA:19,3
DA:20,3
DA:21,3
DA:23,3
DA:28,3
DA:30,0
DA:31,0
DA:32,0
DA:33,0
DA:39,3
DA:40,3
DA:44,3
DA:48,3
LF:18
LH:14
end_of_record
