SF:lib/datastore.dart
DA:18,2
DA:19,8
DA:20,4
DA:21,6
DA:22,2
DA:23,2
DA:24,2
DA:27,1
DA:28,4
DA:29,2
DA:30,1
DA:31,3
DA:32,2
DA:33,1
DA:34,1
DA:37,1
DA:38,3
DA:39,2
DA:40,2
DA:41,1
DA:42,3
DA:43,2
DA:44,1
DA:45,1
DA:48,1
DA:49,3
DA:50,2
DA:51,1
DA:52,4
DA:53,2
DA:54,1
DA:55,1
DA:58,1
DA:59,3
DA:60,2
DA:61,1
DA:62,2
DA:63,1
DA:64,1
DA:67,1
DA:68,2
DA:69,2
DA:70,1
DA:72,2
DA:73,1
DA:74,1
DA:75,1
DA:78,2
DA:79,4
DA:82,2
DA:83,4
DA:85,6
DA:86,2
DA:87,4
DA:88,4
DA:92,2
DA:93,2
DA:96,2
DA:97,2
DA:100,4
DA:101,4
DA:104,2
DA:105,2
LF:63
LH:63
end_of_record
SF:lib/model/performer/performer.dart
DA:7,2
DA:22,1
DA:23,1
DA:24,1
DA:26,1
DA:29,2
DA:30,2
DA:33,1
DA:34,1
DA:37,2
DA:38,2
DA:41,1
DA:42,1
DA:45,1
DA:46,1
DA:49,1
DA:50,1
DA:51,2
DA:52,2
DA:55,1
DA:57,1
DA:58,3
DA:59,3
DA:62,0
DA:63,0
DA:65,0
DA:67,0
DA:70,1
DA:73,3
DA:74,1
DA:75,3
LF:31
LH:27
end_of_record
SF:lib/bandmanager/bandselector.dart
DA:9,2
DA:11,2
DA:12,2
DA:13,2
DA:15,4
DA:17,4
DA:19,4
DA:21,4
DA:22,2
DA:23,2
DA:25,2
DA:26,1
DA:30,2
DA:31,2
LF:14
LH:14
end_of_record
SF:lib/performermanager/enternamebox.dart
DA:4,3
DA:11,3
DA:13,3
DA:15,3
DA:16,3
LF:5
LH:5
end_of_record
SF:lib/bandmanager/bandmanager.dart
DA:7,7
DA:9,1
DA:10,1
DA:14,1
DA:16,1
DA:17,1
DA:18,3
DA:21,1
DA:22,1
LF:9
LH:9
end_of_record
SF:lib/bandmanager/recommendedperformerswidget.dart
DA:10,7
DA:12,1
DA:14,1
DA:21,1
DA:23,1
DA:24,1
DA:25,1
DA:26,1
DA:28,1
DA:33,1
DA:35,0
DA:36,0
DA:37,0
DA:38,0
DA:39,0
DA:45,1
DA:46,1
DA:50,1
DA:54,1
DA:67,1
DA:71,1
DA:72,1
DA:74,0
DA:76,0
DA:77,0
DA:78,0
DA:81,0
DA:83,0
DA:86,1
DA:87,1
DA:90,2
DA:92,1
DA:93,0
DA:94,0
DA:95,0
DA:97,0
DA:98,0
DA:100,0
LF:38
LH:21
end_of_record
SF:lib/bandmanager/selectedperformerswidget.dart
DA:9,7
DA:11,1
DA:13,1
DA:17,1
DA:19,1
DA:20,1
DA:21,1
DA:22,1
DA:24,1
DA:29,1
DA:31,0
DA:32,0
DA:33,0
DA:34,0
DA:35,0
DA:41,1
DA:42,1
DA:46,1
DA:50,1
DA:56,1
DA:57,0
DA:67,1
DA:71,1
DA:72,2
DA:74,0
DA:76,0
DA:77,0
DA:78,0
DA:81,0
DA:83,0
DA:86,1
DA:87,1
DA:89,1
DA:91,1
DA:92,0
DA:93,0
DA:94,0
DA:96,0
DA:97,0
DA:99,0
LF:40
LH:22
end_of_record
SF:lib/homepage/homepage.dart
DA:4,7
DA:6,1
DA:7,1
DA:11,1
DA:13,1
DA:14,1
DA:15,3
DA:18,1
DA:19,1
DA:20,1
DA:21,1
DA:23,1
DA:24,1
DA:25,1
DA:30,1
DA:32,1
DA:33,1
DA:34,1
LF:18
LH:18
end_of_record
SF:lib/jamnight.dart
DA:9,1
DA:13,1
DA:14,1
DA:20,1
DA:22,1
DA:23,2
DA:24,1
DA:25,1
DA:29,1
DA:30,1
DA:31,1
DA:32,1
LF:12
LH:12
end_of_record
SF:lib/performermanager/performermanager.dart
DA:15,8
DA:17,2
DA:18,2
DA:27,1
DA:28,2
DA:29,1
DA:33,1
DA:34,2
DA:35,1
DA:39,1
DA:40,1
DA:41,2
DA:42,1
DA:43,1
DA:44,1
DA:46,1
DA:49,2
DA:51,2
DA:52,2
DA:53,2
DA:54,6
DA:57,2
DA:58,2
DA:59,4
DA:60,4
DA:61,2
DA:62,2
DA:63,2
DA:64,2
LF:29
LH:29
end_of_record
SF:lib/performermanager/addperformerbutton.dart
DA:4,3
DA:11,3
DA:13,3
DA:15,3
DA:16,3
LF:5
LH:5
end_of_record
SF:lib/performermanager/experienceleveldropdown.dart
DA:6,3
DA:11,3
DA:13,3
DA:19,3
DA:21,3
DA:23,3
DA:24,1
DA:25,2
DA:26,1
DA:27,3
DA:30,6
DA:31,3
DA:33,9
DA:35,3
LF:14
LH:14
end_of_record
SF:lib/performermanager/instrumentdropdown.dart
DA:6,3
DA:10,3
DA:11,3
DA:17,3
DA:19,3
DA:21,3
DA:22,1
DA:23,2
DA:24,1
DA:25,3
DA:28,6
DA:29,3
DA:31,9
DA:33,3
LF:14
LH:14
end_of_record
SF:lib/performermanager/performerlist.dart
DA:9,8
DA:11,3
DA:12,3
DA:16,3
DA:18,3
DA:19,3
DA:20,3
DA:21,3
DA:23,3
DA:28,3
DA:30,0
DA:31,0
DA:32,0
DA:33,0
DA:39,3
DA:40,3
DA:44,3
DA:48,3
LF:18
LH:14
end_of_record
SF:lib/performermanager/performersdatasource.dart
DA:8,3
DA:12,3
DA:13,6
DA:15,1
DA:17,1
DA:18,3
DA:19,1
DA:22,3
DA:24,1
DA:27,3
DA:28,3
DA:30,3
DA:32,4
DA:33,3
DA:34,2
DA:35,1
DA:37,3
DA:38,1
DA:40,3
LF:19
LH:19
end_of_record
